{"total": {"lines":{"total":688,"covered":405,"skipped":0,"pct":58.87},"statements":{"total":964,"covered":458,"skipped":0,"pct":47.51},"functions":{"total":311,"covered":189,"skipped":0,"pct":60.77},"branches":{"total":904,"covered":338,"skipped":0,"pct":37.39}}
,"/home/ladin/rapid/git/ra-web/packages/ra-web-shared-be/src/app-directory/app-directory.controller.ts": {"lines":{"total":28,"covered":0,"skipped":0,"pct":0},"functions":{"total":21,"covered":0,"skipped":0,"pct":0},"statements":{"total":57,"covered":0,"skipped":0,"pct":0},"branches":{"total":69,"covered":0,"skipped":0,"pct":0}}
,"/home/ladin/rapid/git/ra-web/packages/ra-web-shared-be/src/app-directory/app-directory.service.ts": {"lines":{"total":59,"covered":0,"skipped":0,"pct":0},"functions":{"total":21,"covered":0,"skipped":0,"pct":0},"statements":{"total":88,"covered":0,"skipped":0,"pct":0},"branches":{"total":57,"covered":0,"skipped":0,"pct":0}}
,"/home/ladin/rapid/git/ra-web/packages/ra-web-shared-be/src/app-directory/dao/app-directory-intent.repository.ts": {"lines":{"total":6,"covered":0,"skipped":0,"pct":0},"functions":{"total":1,"covered":0,"skipped":0,"pct":0},"statements":{"total":18,"covered":0,"skipped":0,"pct":0},"branches":{"total":22,"covered":0,"skipped":0,"pct":0}}
,"/home/ladin/rapid/git/ra-web/packages/ra-web-shared-be/src/app-directory/dao/app-directory-type.repository.ts": {"lines":{"total":11,"covered":0,"skipped":0,"pct":0},"functions":{"total":9,"covered":0,"skipped":0,"pct":0},"statements":{"total":34,"covered":0,"skipped":0,"pct":0},"branches":{"total":31,"covered":0,"skipped":0,"pct":0}}
,"/home/ladin/rapid/git/ra-web/packages/ra-web-shared-be/src/app-directory/dao/app-directory.repository.ts": {"lines":{"total":10,"covered":0,"skipped":0,"pct":0},"functions":{"total":11,"covered":0,"skipped":0,"pct":0},"statements":{"total":33,"covered":0,"skipped":0,"pct":0},"branches":{"total":31,"covered":0,"skipped":0,"pct":0}}
,"/home/ladin/rapid/git/ra-web/packages/ra-web-shared-be/src/app-directory/entities/ra-app-directory-intent.ts": {"lines":{"total":18,"covered":0,"skipped":0,"pct":0},"functions":{"total":5,"covered":0,"skipped":0,"pct":0},"statements":{"total":34,"covered":0,"skipped":0,"pct":0},"branches":{"total":35,"covered":0,"skipped":0,"pct":0}}
,"/home/ladin/rapid/git/ra-web/packages/ra-web-shared-be/src/app-directory/entities/ra-app-directory-type.ts": {"lines":{"total":15,"covered":0,"skipped":0,"pct":0},"functions":{"total":5,"covered":0,"skipped":0,"pct":0},"statements":{"total":31,"covered":0,"skipped":0,"pct":0},"branches":{"total":35,"covered":0,"skipped":0,"pct":0}}
,"/home/ladin/rapid/git/ra-web/packages/ra-web-shared-be/src/app-directory/entities/ra-app-directory.ts": {"lines":{"total":31,"covered":0,"skipped":0,"pct":0},"functions":{"total":7,"covered":0,"skipped":0,"pct":0},"statements":{"total":48,"covered":0,"skipped":0,"pct":0},"branches":{"total":35,"covered":0,"skipped":0,"pct":0}}
,"/home/ladin/rapid/git/ra-web/packages/ra-web-shared-be/src/app-directory/error/sql-exception.filter.ts": {"lines":{"total":6,"covered":0,"skipped":0,"pct":0},"functions":{"total":2,"covered":0,"skipped":0,"pct":0},"statements":{"total":18,"covered":0,"skipped":0,"pct":0},"branches":{"total":22,"covered":0,"skipped":0,"pct":0}}
,"/home/ladin/rapid/git/ra-web/packages/ra-web-shared-be/src/companies/companies.controller.ts": {"lines":{"total":24,"covered":23,"skipped":0,"pct":95.83},"functions":{"total":11,"covered":11,"skipped":0,"pct":100},"statements":{"total":30,"covered":27,"skipped":0,"pct":90},"branches":{"total":48,"covered":30,"skipped":0,"pct":62.5}}
,"/home/ladin/rapid/git/ra-web/packages/ra-web-shared-be/src/companies/companies.service.ts": {"lines":{"total":59,"covered":50,"skipped":0,"pct":84.75},"functions":{"total":23,"covered":22,"skipped":0,"pct":95.65},"statements":{"total":70,"covered":56,"skipped":0,"pct":80},"branches":{"total":59,"covered":35,"skipped":0,"pct":59.32}}
,"/home/ladin/rapid/git/ra-web/packages/ra-web-shared-be/src/layout/layout.controller.ts": {"lines":{"total":36,"covered":34,"skipped":0,"pct":94.44},"functions":{"total":23,"covered":22,"skipped":0,"pct":95.65},"statements":{"total":47,"covered":40,"skipped":0,"pct":85.11},"branches":{"total":61,"covered":41,"skipped":0,"pct":67.21}}
,"/home/ladin/rapid/git/ra-web/packages/ra-web-shared-be/src/layout/layout.service.ts": {"lines":{"total":37,"covered":35,"skipped":0,"pct":94.59},"functions":{"total":23,"covered":22,"skipped":0,"pct":95.65},"statements":{"total":48,"covered":41,"skipped":0,"pct":85.42},"branches":{"total":49,"covered":28,"skipped":0,"pct":57.14}}
,"/home/ladin/rapid/git/ra-web/packages/ra-web-shared-be/src/preferences/preferences.controller.ts": {"lines":{"total":34,"covered":31,"skipped":0,"pct":91.18},"functions":{"total":16,"covered":14,"skipped":0,"pct":87.5},"statements":{"total":40,"covered":35,"skipped":0,"pct":87.5},"branches":{"total":36,"covered":21,"skipped":0,"pct":58.33}}
,"/home/ladin/rapid/git/ra-web/packages/ra-web-shared-be/src/preferences/preferences.service.ts": {"lines":{"total":99,"covered":75,"skipped":0,"pct":75.76},"functions":{"total":37,"covered":30,"skipped":0,"pct":81.08},"statements":{"total":110,"covered":81,"skipped":0,"pct":73.64},"branches":{"total":79,"covered":47,"skipped":0,"pct":59.49}}
,"/home/ladin/rapid/git/ra-web/packages/ra-web-shared-be/src/users/user-auth-verify.ts": {"lines":{"total":27,"covered":23,"skipped":0,"pct":85.19},"functions":{"total":13,"covered":12,"skipped":0,"pct":92.31},"statements":{"total":38,"covered":29,"skipped":0,"pct":76.32},"branches":{"total":49,"covered":27,"skipped":0,"pct":55.1}}
,"/home/ladin/rapid/git/ra-web/packages/ra-web-shared-be/src/users/user-session-data.ts": {"lines":{"total":22,"covered":17,"skipped":0,"pct":77.27},"functions":{"total":15,"covered":10,"skipped":0,"pct":66.67},"statements":{"total":32,"covered":20,"skipped":0,"pct":62.5},"branches":{"total":42,"covered":22,"skipped":0,"pct":52.38}}
,"/home/ladin/rapid/git/ra-web/packages/ra-web-shared-be/src/users/users.controller.ts": {"lines":{"total":45,"covered":37,"skipped":0,"pct":82.22},"functions":{"total":27,"covered":20,"skipped":0,"pct":74.07},"statements":{"total":56,"covered":43,"skipped":0,"pct":76.79},"branches":{"total":65,"covered":44,"skipped":0,"pct":67.69}}
,"/home/ladin/rapid/git/ra-web/packages/ra-web-shared-be/src/users/users.service.ts": {"lines":{"total":121,"covered":80,"skipped":0,"pct":66.12},"functions":{"total":41,"covered":26,"skipped":0,"pct":63.41},"statements":{"total":132,"covered":86,"skipped":0,"pct":65.15},"branches":{"total":79,"covered":43,"skipped":0,"pct":54.43}}
}
