TN:
SF:/home/ladin/rapid/git/ra-web/packages/ra-web-shared-be/src/app-directory/app-directory.controller.ts
FN:29,(anonymous_0)
FN:29,(anonymous_1)
FN:29,(anonymous_2)
FN:29,(anonymous_3)
FN:29,(anonymous_4)
FN:29,(anonymous_5)
FN:29,fulfilled
FN:29,rejected
FN:29,step
FN:29,(anonymous_9)
FN:31,(anonymous_10)
FN:34,(anonymous_11)
FN:35,(anonymous_12)
FN:39,(anonymous_13)
FN:40,(anonymous_14)
FN:44,(anonymous_15)
FN:45,(anonymous_16)
FN:49,(anonymous_17)
FN:50,(anonymous_18)
FN:54,(anonymous_19)
FN:55,(anonymous_20)
FNF:21
FNH:0
FNDA:0,(anonymous_0)
FNDA:0,(anonymous_1)
FNDA:0,(anonymous_2)
FNDA:0,(anonymous_3)
FNDA:0,(anonymous_4)
FNDA:0,(anonymous_5)
FNDA:0,fulfilled
FNDA:0,rejected
FNDA:0,step
FNDA:0,(anonymous_9)
FNDA:0,(anonymous_10)
FNDA:0,(anonymous_11)
FNDA:0,(anonymous_12)
FNDA:0,(anonymous_13)
FNDA:0,(anonymous_14)
FNDA:0,(anonymous_15)
FNDA:0,(anonymous_16)
FNDA:0,(anonymous_17)
FNDA:0,(anonymous_18)
FNDA:0,(anonymous_19)
FNDA:0,(anonymous_20)
DA:1,0
DA:22,0
DA:23,0
DA:24,0
DA:25,0
DA:26,0
DA:27,0
DA:28,0
DA:29,0
DA:30,0
DA:32,0
DA:35,0
DA:36,0
DA:40,0
DA:41,0
DA:45,0
DA:46,0
DA:50,0
DA:51,0
DA:55,0
DA:56,0
DA:60,0
DA:69,0
DA:78,0
DA:85,0
DA:92,0
DA:99,0
DA:106,0
LF:28
LH:0
BRDA:29,0,0,0
BRDA:29,0,1,0
BRDA:29,0,2,0
BRDA:29,1,0,0
BRDA:29,1,1,0
BRDA:29,2,0,0
BRDA:29,2,1,0
BRDA:29,3,0,0
BRDA:29,3,1,0
BRDA:29,4,0,0
BRDA:29,4,1,0
BRDA:29,5,0,0
BRDA:29,5,1,0
BRDA:29,6,0,0
BRDA:29,6,1,0
BRDA:29,7,0,0
BRDA:29,7,1,0
BRDA:29,8,0,0
BRDA:29,8,1,0
BRDA:29,9,0,0
BRDA:29,9,1,0
BRDA:29,9,2,0
BRDA:29,10,0,0
BRDA:29,10,1,0
BRDA:29,10,2,0
BRDA:29,11,0,0
BRDA:29,11,1,0
BRDA:29,12,0,0
BRDA:29,12,1,0
BRDA:29,13,0,0
BRDA:29,13,1,0
BRDA:29,13,2,0
BRDA:29,14,0,0
BRDA:29,14,1,0
BRDA:29,14,2,0
BRDA:29,15,0,0
BRDA:29,15,1,0
BRDA:29,16,0,0
BRDA:29,16,1,0
BRDA:29,17,0,0
BRDA:29,17,1,0
BRDA:66,18,0,0
BRDA:66,18,1,0
BRDA:66,19,0,0
BRDA:66,19,1,0
BRDA:67,20,0,0
BRDA:67,20,1,0
BRDA:67,21,0,0
BRDA:67,21,1,0
BRDA:76,22,0,0
BRDA:76,22,1,0
BRDA:76,23,0,0
BRDA:76,23,1,0
BRDA:83,24,0,0
BRDA:83,24,1,0
BRDA:83,25,0,0
BRDA:83,25,1,0
BRDA:90,26,0,0
BRDA:90,26,1,0
BRDA:90,27,0,0
BRDA:90,27,1,0
BRDA:97,28,0,0
BRDA:97,28,1,0
BRDA:97,29,0,0
BRDA:97,29,1,0
BRDA:106,30,0,0
BRDA:106,30,1,0
BRDA:106,31,0,0
BRDA:106,31,1,0
BRF:69
BRH:0
end_of_record
TN:
SF:/home/ladin/rapid/git/ra-web/packages/ra-web-shared-be/src/app-directory/app-directory.service.ts
FN:32,(anonymous_0)
FN:32,(anonymous_1)
FN:32,(anonymous_2)
FN:32,(anonymous_3)
FN:32,(anonymous_4)
FN:32,(anonymous_5)
FN:32,fulfilled
FN:32,rejected
FN:32,step
FN:32,(anonymous_9)
FN:34,(anonymous_10)
FN:39,(anonymous_11)
FN:40,(anonymous_12)
FN:62,(anonymous_13)
FN:63,(anonymous_14)
FN:69,(anonymous_15)
FN:70,(anonymous_16)
FN:76,(anonymous_17)
FN:77,(anonymous_18)
FN:92,(anonymous_19)
FN:93,(anonymous_20)
FNF:21
FNH:0
FNDA:0,(anonymous_0)
FNDA:0,(anonymous_1)
FNDA:0,(anonymous_2)
FNDA:0,(anonymous_3)
FNDA:0,(anonymous_4)
FNDA:0,(anonymous_5)
FNDA:0,fulfilled
FNDA:0,rejected
FNDA:0,step
FNDA:0,(anonymous_9)
FNDA:0,(anonymous_10)
FNDA:0,(anonymous_11)
FNDA:0,(anonymous_12)
FNDA:0,(anonymous_13)
FNDA:0,(anonymous_14)
FNDA:0,(anonymous_15)
FNDA:0,(anonymous_16)
FNDA:0,(anonymous_17)
FNDA:0,(anonymous_18)
FNDA:0,(anonymous_19)
FNDA:0,(anonymous_20)
DA:1,0
DA:22,0
DA:23,0
DA:24,0
DA:25,0
DA:26,0
DA:27,0
DA:28,0
DA:29,0
DA:30,0
DA:31,0
DA:32,0
DA:33,0
DA:35,0
DA:36,0
DA:37,0
DA:40,0
DA:41,0
DA:42,0
DA:43,0
DA:44,0
DA:45,0
DA:46,0
DA:47,0
DA:48,0
DA:51,0
DA:52,0
DA:53,0
DA:54,0
DA:55,0
DA:56,0
DA:58,0
DA:59,0
DA:63,0
DA:64,0
DA:65,0
DA:66,0
DA:70,0
DA:71,0
DA:72,0
DA:73,0
DA:77,0
DA:78,0
DA:79,0
DA:80,0
DA:81,0
DA:82,0
DA:83,0
DA:84,0
DA:85,0
DA:87,0
DA:88,0
DA:89,0
DA:93,0
DA:94,0
DA:95,0
DA:96,0
DA:100,0
DA:107,0
LF:59
LH:0
BRDA:32,0,0,0
BRDA:32,0,1,0
BRDA:32,0,2,0
BRDA:32,1,0,0
BRDA:32,1,1,0
BRDA:32,2,0,0
BRDA:32,2,1,0
BRDA:32,3,0,0
BRDA:32,3,1,0
BRDA:32,4,0,0
BRDA:32,4,1,0
BRDA:32,5,0,0
BRDA:32,5,1,0
BRDA:32,6,0,0
BRDA:32,6,1,0
BRDA:32,7,0,0
BRDA:32,7,1,0
BRDA:32,8,0,0
BRDA:32,8,1,0
BRDA:32,9,0,0
BRDA:32,9,1,0
BRDA:32,9,2,0
BRDA:32,10,0,0
BRDA:32,10,1,0
BRDA:32,10,2,0
BRDA:32,11,0,0
BRDA:32,11,1,0
BRDA:32,12,0,0
BRDA:32,12,1,0
BRDA:32,13,0,0
BRDA:32,13,1,0
BRDA:32,13,2,0
BRDA:32,14,0,0
BRDA:32,14,1,0
BRDA:32,14,2,0
BRDA:32,15,0,0
BRDA:32,15,1,0
BRDA:32,16,0,0
BRDA:32,16,1,0
BRDA:32,17,0,0
BRDA:32,17,1,0
BRDA:44,18,0,0
BRDA:44,18,1,0
BRDA:44,19,0,0
BRDA:44,19,1,0
BRDA:107,20,0,0
BRDA:107,20,1,0
BRDA:107,21,0,0
BRDA:107,21,1,0
BRDA:107,22,0,0
BRDA:107,22,1,0
BRDA:107,23,0,0
BRDA:107,23,1,0
BRDA:107,24,0,0
BRDA:107,24,1,0
BRDA:107,25,0,0
BRDA:107,25,1,0
BRF:57
BRH:0
end_of_record
TN:
SF:/home/ladin/rapid/git/ra-web/packages/ra-web-shared-be/src/app-directory/dao/app-directory-intent.repository.ts
FN:8,(anonymous_0)
FNF:1
FNH:0
FNDA:0,(anonymous_0)
DA:1,0
DA:7,0
DA:8,0
DA:9,0
DA:11,0
DA:14,0
LF:6
LH:0
BRDA:8,0,0,0
BRDA:8,0,1,0
BRDA:8,0,2,0
BRDA:8,1,0,0
BRDA:8,1,1,0
BRDA:8,2,0,0
BRDA:8,2,1,0
BRDA:8,3,0,0
BRDA:8,3,1,0
BRDA:8,4,0,0
BRDA:8,4,1,0
BRDA:8,5,0,0
BRDA:8,5,1,0
BRDA:8,6,0,0
BRDA:8,6,1,0
BRDA:8,7,0,0
BRDA:8,7,1,0
BRDA:8,8,0,0
BRDA:8,8,1,0
BRDA:8,9,0,0
BRDA:8,9,1,0
BRDA:8,9,2,0
BRF:22
BRH:0
end_of_record
TN:
SF:/home/ladin/rapid/git/ra-web/packages/ra-web-shared-be/src/app-directory/dao/app-directory-type.repository.ts
FN:16,(anonymous_0)
FN:16,(anonymous_1)
FN:16,(anonymous_2)
FN:16,fulfilled
FN:16,rejected
FN:16,step
FN:16,(anonymous_6)
FN:18,(anonymous_7)
FN:19,(anonymous_8)
FNF:9
FNH:0
FNDA:0,(anonymous_0)
FNDA:0,(anonymous_1)
FNDA:0,(anonymous_2)
FNDA:0,fulfilled
FNDA:0,rejected
FNDA:0,step
FNDA:0,(anonymous_6)
FNDA:0,(anonymous_7)
FNDA:0,(anonymous_8)
DA:1,0
DA:15,0
DA:16,0
DA:17,0
DA:19,0
DA:20,0
DA:21,0
DA:22,0
DA:23,0
DA:27,0
DA:30,0
LF:11
LH:0
BRDA:16,0,0,0
BRDA:16,0,1,0
BRDA:16,0,2,0
BRDA:16,1,0,0
BRDA:16,1,1,0
BRDA:16,2,0,0
BRDA:16,2,1,0
BRDA:16,3,0,0
BRDA:16,3,1,0
BRDA:16,4,0,0
BRDA:16,4,1,0
BRDA:16,5,0,0
BRDA:16,5,1,0
BRDA:16,6,0,0
BRDA:16,6,1,0
BRDA:16,7,0,0
BRDA:16,7,1,0
BRDA:16,8,0,0
BRDA:16,8,1,0
BRDA:16,9,0,0
BRDA:16,9,1,0
BRDA:16,9,2,0
BRDA:16,10,0,0
BRDA:16,10,1,0
BRDA:16,10,2,0
BRDA:16,11,0,0
BRDA:16,11,1,0
BRDA:16,12,0,0
BRDA:16,12,1,0
BRDA:16,13,0,0
BRDA:16,13,1,0
BRF:31
BRH:0
end_of_record
TN:
SF:/home/ladin/rapid/git/ra-web/packages/ra-web-shared-be/src/app-directory/dao/app-directory.repository.ts
FN:16,(anonymous_0)
FN:16,(anonymous_1)
FN:16,(anonymous_2)
FN:16,fulfilled
FN:16,rejected
FN:16,step
FN:16,(anonymous_6)
FN:18,(anonymous_7)
FN:19,(anonymous_8)
FN:23,(anonymous_9)
FN:24,(anonymous_10)
FNF:11
FNH:0
FNDA:0,(anonymous_0)
FNDA:0,(anonymous_1)
FNDA:0,(anonymous_2)
FNDA:0,fulfilled
FNDA:0,rejected
FNDA:0,step
FNDA:0,(anonymous_6)
FNDA:0,(anonymous_7)
FNDA:0,(anonymous_8)
FNDA:0,(anonymous_9)
FNDA:0,(anonymous_10)
DA:1,0
DA:15,0
DA:16,0
DA:17,0
DA:19,0
DA:20,0
DA:24,0
DA:25,0
DA:29,0
DA:32,0
LF:10
LH:0
BRDA:16,0,0,0
BRDA:16,0,1,0
BRDA:16,0,2,0
BRDA:16,1,0,0
BRDA:16,1,1,0
BRDA:16,2,0,0
BRDA:16,2,1,0
BRDA:16,3,0,0
BRDA:16,3,1,0
BRDA:16,4,0,0
BRDA:16,4,1,0
BRDA:16,5,0,0
BRDA:16,5,1,0
BRDA:16,6,0,0
BRDA:16,6,1,0
BRDA:16,7,0,0
BRDA:16,7,1,0
BRDA:16,8,0,0
BRDA:16,8,1,0
BRDA:16,9,0,0
BRDA:16,9,1,0
BRDA:16,9,2,0
BRDA:16,10,0,0
BRDA:16,10,1,0
BRDA:16,10,2,0
BRDA:16,11,0,0
BRDA:16,11,1,0
BRDA:16,12,0,0
BRDA:16,12,1,0
BRDA:16,13,0,0
BRDA:16,13,1,0
BRF:31
BRH:0
end_of_record
TN:
SF:/home/ladin/rapid/git/ra-web/packages/ra-web-shared-be/src/app-directory/entities/ra-app-directory-intent.ts
FN:14,(anonymous_0)
FN:14,(anonymous_1)
FN:16,(anonymous_2)
FN:29,(anonymous_3)
FN:29,(anonymous_4)
FNF:5
FNH:0
FNDA:0,(anonymous_0)
FNDA:0,(anonymous_1)
FNDA:0,(anonymous_2)
FNDA:0,(anonymous_3)
FNDA:0,(anonymous_4)
DA:1,0
DA:11,0
DA:12,0
DA:13,0
DA:14,0
DA:15,0
DA:17,0
DA:18,0
DA:19,0
DA:23,0
DA:28,0
DA:29,0
DA:33,0
DA:38,0
DA:43,0
DA:48,0
DA:53,0
DA:57,0
LF:18
LH:0
BRDA:14,0,0,0
BRDA:14,0,1,0
BRDA:14,0,2,0
BRDA:14,1,0,0
BRDA:14,1,1,0
BRDA:14,2,0,0
BRDA:14,2,1,0
BRDA:14,3,0,0
BRDA:14,3,1,0
BRDA:14,4,0,0
BRDA:14,4,1,0
BRDA:14,5,0,0
BRDA:14,5,1,0
BRDA:14,6,0,0
BRDA:14,6,1,0
BRDA:14,7,0,0
BRDA:14,7,1,0
BRDA:14,8,0,0
BRDA:14,8,1,0
BRDA:14,9,0,0
BRDA:14,9,1,0
BRDA:14,9,2,0
BRDA:14,10,0,0
BRDA:14,10,1,0
BRDA:14,10,2,0
BRDA:14,11,0,0
BRDA:14,11,1,0
BRDA:14,12,0,0
BRDA:14,12,1,0
BRDA:18,13,0,0
BRDA:18,13,1,0
BRDA:31,14,0,0
BRDA:31,14,1,0
BRDA:31,15,0,0
BRDA:31,15,1,0
BRF:35
BRH:0
end_of_record
TN:
SF:/home/ladin/rapid/git/ra-web/packages/ra-web-shared-be/src/app-directory/entities/ra-app-directory-type.ts
FN:14,(anonymous_0)
FN:14,(anonymous_1)
FN:16,(anonymous_2)
FN:34,(anonymous_3)
FN:34,(anonymous_4)
FNF:5
FNH:0
FNDA:0,(anonymous_0)
FNDA:0,(anonymous_1)
FNDA:0,(anonymous_2)
FNDA:0,(anonymous_3)
FNDA:0,(anonymous_4)
DA:1,0
DA:11,0
DA:12,0
DA:13,0
DA:14,0
DA:15,0
DA:17,0
DA:18,0
DA:19,0
DA:23,0
DA:28,0
DA:33,0
DA:34,0
DA:38,0
DA:43,0
LF:15
LH:0
BRDA:14,0,0,0
BRDA:14,0,1,0
BRDA:14,0,2,0
BRDA:14,1,0,0
BRDA:14,1,1,0
BRDA:14,2,0,0
BRDA:14,2,1,0
BRDA:14,3,0,0
BRDA:14,3,1,0
BRDA:14,4,0,0
BRDA:14,4,1,0
BRDA:14,5,0,0
BRDA:14,5,1,0
BRDA:14,6,0,0
BRDA:14,6,1,0
BRDA:14,7,0,0
BRDA:14,7,1,0
BRDA:14,8,0,0
BRDA:14,8,1,0
BRDA:14,9,0,0
BRDA:14,9,1,0
BRDA:14,9,2,0
BRDA:14,10,0,0
BRDA:14,10,1,0
BRDA:14,10,2,0
BRDA:14,11,0,0
BRDA:14,11,1,0
BRDA:14,12,0,0
BRDA:14,12,1,0
BRDA:18,13,0,0
BRDA:18,13,1,0
BRDA:36,14,0,0
BRDA:36,14,1,0
BRDA:36,15,0,0
BRDA:36,15,1,0
BRF:35
BRH:0
end_of_record
TN:
SF:/home/ladin/rapid/git/ra-web/packages/ra-web-shared-be/src/app-directory/entities/ra-app-directory.ts
FN:15,(anonymous_0)
FN:15,(anonymous_1)
FN:17,(anonymous_2)
FN:30,(anonymous_3)
FN:30,(anonymous_4)
FN:34,(anonymous_5)
FN:34,(anonymous_6)
FNF:7
FNH:0
FNDA:0,(anonymous_0)
FNDA:0,(anonymous_1)
FNDA:0,(anonymous_2)
FNDA:0,(anonymous_3)
FNDA:0,(anonymous_4)
FNDA:0,(anonymous_5)
FNDA:0,(anonymous_6)
DA:1,0
DA:11,0
DA:12,0
DA:13,0
DA:14,0
DA:15,0
DA:16,0
DA:18,0
DA:19,0
DA:20,0
DA:24,0
DA:29,0
DA:30,0
DA:33,0
DA:34,0
DA:37,0
DA:42,0
DA:47,0
DA:52,0
DA:57,0
DA:62,0
DA:67,0
DA:72,0
DA:77,0
DA:82,0
DA:87,0
DA:92,0
DA:97,0
DA:102,0
DA:107,0
DA:112,0
LF:31
LH:0
BRDA:15,0,0,0
BRDA:15,0,1,0
BRDA:15,0,2,0
BRDA:15,1,0,0
BRDA:15,1,1,0
BRDA:15,2,0,0
BRDA:15,2,1,0
BRDA:15,3,0,0
BRDA:15,3,1,0
BRDA:15,4,0,0
BRDA:15,4,1,0
BRDA:15,5,0,0
BRDA:15,5,1,0
BRDA:15,6,0,0
BRDA:15,6,1,0
BRDA:15,7,0,0
BRDA:15,7,1,0
BRDA:15,8,0,0
BRDA:15,8,1,0
BRDA:15,9,0,0
BRDA:15,9,1,0
BRDA:15,9,2,0
BRDA:15,10,0,0
BRDA:15,10,1,0
BRDA:15,10,2,0
BRDA:15,11,0,0
BRDA:15,11,1,0
BRDA:15,12,0,0
BRDA:15,12,1,0
BRDA:19,13,0,0
BRDA:19,13,1,0
BRDA:35,14,0,0
BRDA:35,14,1,0
BRDA:35,15,0,0
BRDA:35,15,1,0
BRF:35
BRH:0
end_of_record
TN:
SF:/home/ladin/rapid/git/ra-web/packages/ra-web-shared-be/src/app-directory/error/sql-exception.filter.ts
FN:7,(anonymous_0)
FN:9,(anonymous_1)
FNF:2
FNH:0
FNDA:0,(anonymous_0)
FNDA:0,(anonymous_1)
DA:1,0
DA:7,0
DA:8,0
DA:10,0
DA:16,0
DA:19,0
LF:6
LH:0
BRDA:7,0,0,0
BRDA:7,0,1,0
BRDA:7,0,2,0
BRDA:7,1,0,0
BRDA:7,1,1,0
BRDA:7,2,0,0
BRDA:7,2,1,0
BRDA:7,3,0,0
BRDA:7,3,1,0
BRDA:7,4,0,0
BRDA:7,4,1,0
BRDA:7,5,0,0
BRDA:7,5,1,0
BRDA:7,6,0,0
BRDA:7,6,1,0
BRDA:7,7,0,0
BRDA:7,7,1,0
BRDA:7,8,0,0
BRDA:7,8,1,0
BRDA:7,9,0,0
BRDA:7,9,1,0
BRDA:7,9,2,0
BRF:22
BRH:0
end_of_record
TN:
SF:/home/ladin/rapid/git/ra-web/packages/ra-web-shared-be/src/companies/companies.controller.ts
FN:1,(anonymous_0)
FN:7,(anonymous_1)
FN:10,(anonymous_2)
FN:11,(anonymous_3)
FN:22,(anonymous_4)
FN:25,(anonymous_5)
FN:28,(anonymous_6)
FN:31,(anonymous_7)
FN:34,(anonymous_8)
FN:37,(anonymous_9)
FN:40,(anonymous_10)
FNF:11
FNH:11
FNDA:7,(anonymous_0)
FNDA:19,(anonymous_1)
FNDA:10,(anonymous_2)
FNDA:10,(anonymous_3)
FNDA:1,(anonymous_4)
FNDA:1,(anonymous_5)
FNDA:1,(anonymous_6)
FNDA:1,(anonymous_7)
FNDA:1,(anonymous_8)
FNDA:1,(anonymous_9)
FNDA:1,(anonymous_10)
DA:1,1
DA:2,7
DA:3,7
DA:4,0
DA:5,7
DA:7,1
DA:8,19
DA:10,1
DA:11,10
DA:21,1
DA:23,1
DA:26,1
DA:29,1
DA:32,1
DA:35,1
DA:38,1
DA:41,1
DA:44,1
DA:53,1
DA:62,1
DA:71,1
DA:79,1
DA:87,1
DA:93,1
LF:24
LH:23
BRDA:1,0,0,1
BRDA:1,0,1,0
BRDA:1,0,2,1
BRDA:2,1,0,1
BRDA:2,1,1,6
BRDA:2,2,0,6
BRDA:2,2,1,0
BRDA:3,3,0,7
BRDA:3,3,1,0
BRDA:3,4,0,7
BRDA:3,4,1,7
BRDA:4,5,0,0
BRDA:4,5,1,0
BRDA:4,6,0,0
BRDA:4,6,1,0
BRDA:4,7,0,0
BRDA:4,7,1,0
BRDA:4,8,0,0
BRDA:4,8,1,0
BRDA:5,9,0,7
BRDA:5,9,1,6
BRDA:5,9,2,6
BRDA:7,10,0,1
BRDA:7,10,1,0
BRDA:7,10,2,1
BRDA:8,11,0,19
BRDA:8,11,1,0
BRDA:8,12,0,19
BRDA:8,12,1,19
BRDA:10,13,0,1
BRDA:10,13,1,0
BRDA:10,13,2,1
BRDA:50,14,0,1
BRDA:50,14,1,0
BRDA:50,15,0,1
BRDA:50,15,1,1
BRDA:59,16,0,1
BRDA:59,16,1,0
BRDA:59,17,0,1
BRDA:59,17,1,1
BRDA:76,18,0,1
BRDA:76,18,1,0
BRDA:76,19,0,1
BRDA:76,19,1,1
BRDA:97,20,0,1
BRDA:97,20,1,0
BRDA:97,21,0,1
BRDA:97,21,1,1
BRF:48
BRH:30
end_of_record
TN:
SF:/home/ladin/rapid/git/ra-web/packages/ra-web-shared-be/src/companies/companies.service.ts
FN:1,(anonymous_0)
FN:7,(anonymous_1)
FN:10,(anonymous_2)
FN:11,(anonymous_3)
FN:13,(anonymous_4)
FN:14,(anonymous_5)
FN:15,fulfilled
FN:16,rejected
FN:17,step
FN:17,(anonymous_9)
FN:31,(anonymous_10)
FN:38,(anonymous_11)
FN:39,(anonymous_12)
FN:43,(anonymous_13)
FN:44,(anonymous_14)
FN:54,(anonymous_15)
FN:55,(anonymous_16)
FN:64,(anonymous_17)
FN:65,(anonymous_18)
FN:78,(anonymous_19)
FN:79,(anonymous_20)
FN:92,(anonymous_21)
FN:93,(anonymous_22)
FNF:23
FNH:22
FNDA:1,(anonymous_0)
FNDA:1,(anonymous_1)
FNDA:1,(anonymous_2)
FNDA:1,(anonymous_3)
FNDA:8,(anonymous_4)
FNDA:8,(anonymous_5)
FNDA:14,fulfilled
FNDA:0,rejected
FNDA:22,step
FNDA:14,(anonymous_9)
FNDA:1,(anonymous_10)
FNDA:1,(anonymous_11)
FNDA:1,(anonymous_12)
FNDA:3,(anonymous_13)
FNDA:3,(anonymous_14)
FNDA:1,(anonymous_15)
FNDA:1,(anonymous_16)
FNDA:1,(anonymous_17)
FNDA:1,(anonymous_18)
FNDA:1,(anonymous_19)
FNDA:1,(anonymous_20)
FNDA:1,(anonymous_21)
FNDA:1,(anonymous_22)
DA:1,1
DA:2,1
DA:3,1
DA:4,0
DA:5,1
DA:7,1
DA:8,1
DA:10,1
DA:11,1
DA:13,1
DA:14,8
DA:15,14
DA:16,0
DA:17,22
DA:18,8
DA:30,1
DA:32,1
DA:33,1
DA:34,1
DA:35,1
DA:36,1
DA:39,1
DA:40,1
DA:44,3
DA:45,3
DA:46,3
DA:47,3
DA:50,0
DA:55,1
DA:56,1
DA:57,1
DA:60,0
DA:65,1
DA:66,1
DA:67,1
DA:68,1
DA:69,1
DA:70,1
DA:71,1
DA:74,0
DA:79,1
DA:80,1
DA:81,1
DA:82,1
DA:83,1
DA:84,1
DA:87,0
DA:88,0
DA:93,1
DA:94,1
DA:95,1
DA:96,1
DA:97,1
DA:98,1
DA:99,1
DA:100,1
DA:103,0
DA:107,0
DA:112,1
LF:59
LH:50
BRDA:1,0,0,1
BRDA:1,0,1,0
BRDA:1,0,2,1
BRDA:2,1,0,1
BRDA:2,1,1,0
BRDA:2,2,0,0
BRDA:2,2,1,0
BRDA:3,3,0,1
BRDA:3,3,1,0
BRDA:3,4,0,1
BRDA:3,4,1,1
BRDA:4,5,0,0
BRDA:4,5,1,0
BRDA:4,6,0,0
BRDA:4,6,1,0
BRDA:4,7,0,0
BRDA:4,7,1,0
BRDA:4,8,0,0
BRDA:4,8,1,0
BRDA:5,9,0,1
BRDA:5,9,1,0
BRDA:5,9,2,0
BRDA:7,10,0,1
BRDA:7,10,1,0
BRDA:7,10,2,1
BRDA:8,11,0,1
BRDA:8,11,1,0
BRDA:8,12,0,1
BRDA:8,12,1,1
BRDA:10,13,0,1
BRDA:10,13,1,0
BRDA:10,13,2,1
BRDA:13,14,0,1
BRDA:13,14,1,0
BRDA:13,14,2,1
BRDA:14,15,0,8
BRDA:14,15,1,8
BRDA:17,16,0,8
BRDA:17,16,1,14
BRDA:18,17,0,8
BRDA:18,17,1,8
BRDA:46,18,0,3
BRDA:46,18,1,0
BRDA:46,19,0,3
BRDA:46,19,1,3
BRDA:95,20,0,1
BRDA:95,20,1,0
BRDA:115,21,0,1
BRDA:115,21,1,0
BRDA:115,22,0,1
BRDA:115,22,1,1
BRDA:115,23,0,1
BRDA:115,23,1,0
BRDA:115,24,0,1
BRDA:115,24,1,1
BRDA:115,25,0,1
BRDA:115,25,1,0
BRDA:115,26,0,1
BRDA:115,26,1,1
BRF:59
BRH:35
end_of_record
TN:
SF:/home/ladin/rapid/git/ra-web/packages/ra-web-shared-be/src/layout/layout.controller.ts
FN:1,(anonymous_0)
FN:7,(anonymous_1)
FN:10,(anonymous_2)
FN:11,(anonymous_3)
FN:13,(anonymous_4)
FN:14,(anonymous_5)
FN:15,fulfilled
FN:16,rejected
FN:17,step
FN:17,(anonymous_9)
FN:27,(anonymous_10)
FN:30,(anonymous_11)
FN:31,(anonymous_12)
FN:35,(anonymous_13)
FN:36,(anonymous_14)
FN:40,(anonymous_15)
FN:41,(anonymous_16)
FN:45,(anonymous_17)
FN:46,(anonymous_18)
FN:50,(anonymous_19)
FN:51,(anonymous_20)
FN:55,(anonymous_21)
FN:56,(anonymous_22)
FNF:23
FNH:14
FNDA:7,(anonymous_0)
FNDA:19,(anonymous_1)
FNDA:13,(anonymous_2)
FNDA:13,(anonymous_3)
FNDA:2,(anonymous_4)
FNDA:2,(anonymous_5)
FNDA:0,fulfilled
FNDA:2,rejected
FNDA:2,step
FNDA:2,(anonymous_9)
FNDA:1,(anonymous_10)
FNDA:1,(anonymous_11)
FNDA:1,(anonymous_12)
FNDA:1,(anonymous_13)
FNDA:1,(anonymous_14)
FNDA:0,(anonymous_15)
FNDA:0,(anonymous_16)
FNDA:0,(anonymous_17)
FNDA:0,(anonymous_18)
FNDA:0,(anonymous_19)
FNDA:0,(anonymous_20)
FNDA:0,(anonymous_21)
FNDA:0,(anonymous_22)
DA:1,1
DA:2,7
DA:3,7
DA:4,0
DA:5,7
DA:7,1
DA:8,19
DA:10,1
DA:11,13
DA:13,1
DA:14,2
DA:15,0
DA:16,2
DA:17,2
DA:18,2
DA:26,1
DA:28,1
DA:31,1
DA:32,1
DA:36,1
DA:37,1
DA:41,0
DA:42,0
DA:46,0
DA:47,0
DA:51,0
DA:52,0
DA:56,0
DA:57,0
DA:61,1
DA:69,1
DA:77,1
DA:85,1
DA:93,1
DA:101,1
DA:109,1
LF:36
LH:26
BRDA:1,0,0,1
BRDA:1,0,1,0
BRDA:1,0,2,1
BRDA:2,1,0,1
BRDA:2,1,1,6
BRDA:2,2,0,6
BRDA:2,2,1,0
BRDA:3,3,0,7
BRDA:3,3,1,0
BRDA:3,4,0,7
BRDA:3,4,1,7
BRDA:4,5,0,0
BRDA:4,5,1,0
BRDA:4,6,0,0
BRDA:4,6,1,0
BRDA:4,7,0,0
BRDA:4,7,1,0
BRDA:4,8,0,0
BRDA:4,8,1,0
BRDA:5,9,0,7
BRDA:5,9,1,6
BRDA:5,9,2,6
BRDA:7,10,0,1
BRDA:7,10,1,0
BRDA:7,10,2,1
BRDA:8,11,0,19
BRDA:8,11,1,0
BRDA:8,12,0,19
BRDA:8,12,1,19
BRDA:10,13,0,1
BRDA:10,13,1,0
BRDA:10,13,2,1
BRDA:13,14,0,1
BRDA:13,14,1,0
BRDA:13,14,2,1
BRDA:14,15,0,2
BRDA:14,15,1,2
BRDA:17,16,0,0
BRDA:17,16,1,2
BRDA:18,17,0,2
BRDA:18,17,1,2
BRDA:67,18,0,1
BRDA:67,18,1,0
BRDA:67,19,0,1
BRDA:67,19,1,1
BRDA:75,20,0,1
BRDA:75,20,1,0
BRDA:75,21,0,1
BRDA:75,21,1,1
BRDA:99,22,0,1
BRDA:99,22,1,0
BRDA:99,23,0,1
BRDA:99,23,1,1
BRDA:107,24,0,1
BRDA:107,24,1,0
BRDA:107,25,0,1
BRDA:107,25,1,1
BRDA:111,26,0,1
BRDA:111,26,1,0
BRDA:111,27,0,1
BRDA:111,27,1,1
BRF:61
BRH:40
end_of_record
TN:
SF:/home/ladin/rapid/git/ra-web/packages/ra-web-shared-be/src/layout/layout.service.ts
FN:1,(anonymous_0)
FN:7,(anonymous_1)
FN:10,(anonymous_2)
FN:11,(anonymous_3)
FN:13,(anonymous_4)
FN:14,(anonymous_5)
FN:15,fulfilled
FN:16,rejected
FN:17,step
FN:17,(anonymous_9)
FN:26,(anonymous_10)
FN:30,(anonymous_11)
FN:31,(anonymous_12)
FN:36,(anonymous_13)
FN:37,(anonymous_14)
FN:42,(anonymous_15)
FN:43,(anonymous_16)
FN:48,(anonymous_17)
FN:49,(anonymous_18)
FN:54,(anonymous_19)
FN:55,(anonymous_20)
FN:64,(anonymous_21)
FN:65,(anonymous_22)
FNF:23
FNH:14
FNDA:1,(anonymous_0)
FNDA:1,(anonymous_1)
FNDA:1,(anonymous_2)
FNDA:1,(anonymous_3)
FNDA:2,(anonymous_4)
FNDA:2,(anonymous_5)
FNDA:2,fulfilled
FNDA:0,rejected
FNDA:2,step
FNDA:2,(anonymous_9)
FNDA:1,(anonymous_10)
FNDA:1,(anonymous_11)
FNDA:1,(anonymous_12)
FNDA:1,(anonymous_13)
FNDA:1,(anonymous_14)
FNDA:0,(anonymous_15)
FNDA:0,(anonymous_16)
FNDA:0,(anonymous_17)
FNDA:0,(anonymous_18)
FNDA:0,(anonymous_19)
FNDA:0,(anonymous_20)
FNDA:0,(anonymous_21)
FNDA:0,(anonymous_22)
DA:1,1
DA:2,1
DA:3,1
DA:4,0
DA:5,1
DA:7,1
DA:8,1
DA:10,1
DA:11,1
DA:13,1
DA:14,2
DA:15,2
DA:16,0
DA:17,2
DA:18,2
DA:25,1
DA:27,1
DA:28,1
DA:31,1
DA:32,1
DA:33,1
DA:37,1
DA:38,1
DA:39,1
DA:43,0
DA:44,0
DA:45,0
DA:49,0
DA:50,0
DA:51,0
DA:55,0
DA:56,0
DA:57,0
DA:65,0
DA:66,0
DA:67,0
DA:76,1
LF:37
LH:23
BRDA:1,0,0,1
BRDA:1,0,1,0
BRDA:1,0,2,1
BRDA:2,1,0,1
BRDA:2,1,1,0
BRDA:2,2,0,0
BRDA:2,2,1,0
BRDA:3,3,0,1
BRDA:3,3,1,0
BRDA:3,4,0,1
BRDA:3,4,1,1
BRDA:4,5,0,0
BRDA:4,5,1,0
BRDA:4,6,0,0
BRDA:4,6,1,0
BRDA:4,7,0,0
BRDA:4,7,1,0
BRDA:4,8,0,0
BRDA:4,8,1,0
BRDA:5,9,0,1
BRDA:5,9,1,0
BRDA:5,9,2,0
BRDA:7,10,0,1
BRDA:7,10,1,0
BRDA:7,10,2,1
BRDA:8,11,0,1
BRDA:8,11,1,0
BRDA:8,12,0,1
BRDA:8,12,1,1
BRDA:10,13,0,1
BRDA:10,13,1,0
BRDA:10,13,2,1
BRDA:13,14,0,1
BRDA:13,14,1,0
BRDA:13,14,2,1
BRDA:14,15,0,2
BRDA:14,15,1,2
BRDA:17,16,0,0
BRDA:17,16,1,2
BRDA:18,17,0,2
BRDA:18,17,1,2
BRDA:79,18,0,1
BRDA:79,18,1,0
BRDA:79,19,0,1
BRDA:79,19,1,1
BRDA:79,20,0,1
BRDA:79,20,1,0
BRDA:79,21,0,1
BRDA:79,21,1,1
BRF:49
BRH:27
end_of_record
TN:
SF:/home/ladin/rapid/git/ra-web/packages/ra-web-shared-be/src/preferences/preferences.controller.ts
FN:1,(anonymous_0)
FN:7,(anonymous_1)
FN:10,(anonymous_2)
FN:11,(anonymous_3)
FN:22,(anonymous_4)
FN:25,(anonymous_5)
FN:28,(anonymous_6)
FN:31,(anonymous_7)
FN:34,(anonymous_8)
FN:37,(anonymous_9)
FN:40,(anonymous_10)
FN:43,(anonymous_11)
FN:46,(anonymous_12)
FN:49,(anonymous_13)
FN:52,(anonymous_14)
FN:55,(anonymous_15)
FNF:16
FNH:10
FNDA:12,(anonymous_0)
FNDA:34,(anonymous_1)
FNDA:20,(anonymous_2)
FNDA:20,(anonymous_3)
FNDA:1,(anonymous_4)
FNDA:1,(anonymous_5)
FNDA:1,(anonymous_6)
FNDA:0,(anonymous_7)
FNDA:1,(anonymous_8)
FNDA:1,(anonymous_9)
FNDA:1,(anonymous_10)
FNDA:0,(anonymous_11)
FNDA:0,(anonymous_12)
FNDA:0,(anonymous_13)
FNDA:0,(anonymous_14)
FNDA:0,(anonymous_15)
DA:1,1
DA:2,12
DA:3,12
DA:4,0
DA:5,12
DA:7,1
DA:8,34
DA:10,1
DA:11,20
DA:21,1
DA:23,1
DA:26,1
DA:29,1
DA:32,0
DA:35,1
DA:38,1
DA:41,1
DA:44,0
DA:47,0
DA:50,0
DA:53,0
DA:56,0
DA:59,1
DA:67,1
DA:75,1
DA:83,1
DA:90,1
DA:97,1
DA:104,1
DA:113,1
DA:123,1
DA:133,1
DA:141,1
DA:149,1
LF:34
LH:27
BRDA:1,0,0,1
BRDA:1,0,1,0
BRDA:1,0,2,1
BRDA:2,1,0,1
BRDA:2,1,1,11
BRDA:2,2,0,11
BRDA:2,2,1,0
BRDA:3,3,0,12
BRDA:3,3,1,0
BRDA:3,4,0,12
BRDA:3,4,1,12
BRDA:4,5,0,0
BRDA:4,5,1,0
BRDA:4,6,0,0
BRDA:4,6,1,0
BRDA:4,7,0,0
BRDA:4,7,1,0
BRDA:4,8,0,0
BRDA:4,8,1,0
BRDA:5,9,0,12
BRDA:5,9,1,11
BRDA:5,9,2,11
BRDA:7,10,0,1
BRDA:7,10,1,0
BRDA:7,10,2,1
BRDA:8,11,0,34
BRDA:8,11,1,0
BRDA:8,12,0,34
BRDA:8,12,1,34
BRDA:10,13,0,1
BRDA:10,13,1,0
BRDA:10,13,2,1
BRDA:153,14,0,1
BRDA:153,14,1,0
BRDA:153,15,0,1
BRDA:153,15,1,1
BRF:36
BRH:21
end_of_record
TN:
SF:/home/ladin/rapid/git/ra-web/packages/ra-web-shared-be/src/preferences/preferences.service.ts
FN:1,(anonymous_0)
FN:7,(anonymous_1)
FN:10,(anonymous_2)
FN:11,(anonymous_3)
FN:13,(anonymous_4)
FN:14,(anonymous_5)
FN:15,fulfilled
FN:16,rejected
FN:17,step
FN:17,(anonymous_9)
FN:30,(anonymous_10)
FN:36,(anonymous_11)
FN:37,(anonymous_12)
FN:47,(anonymous_13)
FN:48,(anonymous_14)
FN:58,(anonymous_15)
FN:59,(anonymous_16)
FN:63,(anonymous_17)
FN:64,(anonymous_18)
FN:76,(anonymous_19)
FN:77,(anonymous_20)
FN:95,(anonymous_21)
FN:96,(anonymous_22)
FN:121,(anonymous_23)
FN:122,(anonymous_24)
FN:139,(anonymous_25)
FN:140,(anonymous_26)
FN:150,(anonymous_27)
FN:151,(anonymous_28)
FN:156,(anonymous_29)
FN:157,(anonymous_30)
FN:162,(anonymous_31)
FN:163,(anonymous_32)
FN:167,(anonymous_33)
FN:168,(anonymous_34)
FN:190,(anonymous_35)
FN:191,(anonymous_36)
FNF:37
FNH:26
FNDA:1,(anonymous_0)
FNDA:1,(anonymous_1)
FNDA:2,(anonymous_2)
FNDA:2,(anonymous_3)
FNDA:8,(anonymous_4)
FNDA:8,(anonymous_5)
FNDA:15,fulfilled
FNDA:0,rejected
FNDA:23,step
FNDA:15,(anonymous_9)
FNDA:1,(anonymous_10)
FNDA:0,(anonymous_11)
FNDA:0,(anonymous_12)
FNDA:1,(anonymous_13)
FNDA:1,(anonymous_14)
FNDA:0,(anonymous_15)
FNDA:0,(anonymous_16)
FNDA:1,(anonymous_17)
FNDA:1,(anonymous_18)
FNDA:1,(anonymous_19)
FNDA:1,(anonymous_20)
FNDA:1,(anonymous_21)
FNDA:1,(anonymous_22)
FNDA:1,(anonymous_23)
FNDA:1,(anonymous_24)
FNDA:1,(anonymous_25)
FNDA:1,(anonymous_26)
FNDA:1,(anonymous_27)
FNDA:1,(anonymous_28)
FNDA:1,(anonymous_29)
FNDA:1,(anonymous_30)
FNDA:0,(anonymous_31)
FNDA:0,(anonymous_32)
FNDA:0,(anonymous_33)
FNDA:0,(anonymous_34)
FNDA:0,(anonymous_35)
FNDA:0,(anonymous_36)
DA:1,1
DA:2,1
DA:3,1
DA:4,0
DA:5,1
DA:7,1
DA:8,1
DA:10,1
DA:11,2
DA:13,1
DA:14,8
DA:15,15
DA:16,0
DA:17,23
DA:18,8
DA:29,1
DA:31,1
DA:32,1
DA:33,1
DA:34,1
DA:37,0
DA:38,0
DA:39,0
DA:40,0
DA:43,0
DA:48,1
DA:49,1
DA:50,1
DA:51,1
DA:52,1
DA:53,1
DA:54,1
DA:55,1
DA:59,0
DA:60,0
DA:64,1
DA:65,1
DA:68,1
DA:69,0
DA:73,1
DA:77,1
DA:78,1
DA:79,1
DA:80,1
DA:81,1
DA:82,1
DA:83,1
DA:84,1
DA:85,1
DA:86,1
DA:87,1
DA:91,0
DA:96,1
DA:97,1
DA:98,1
DA:99,1
DA:102,1
DA:103,0
DA:104,0
DA:105,0
DA:106,0
DA:107,0
DA:108,0
DA:110,1
DA:111,1
DA:112,1
DA:113,1
DA:116,0
DA:117,0
DA:122,1
DA:123,1
DA:126,1
DA:127,0
DA:131,1
DA:132,1
DA:135,0
DA:140,1
DA:141,1
DA:142,1
DA:143,1
DA:144,1
DA:145,1
DA:146,1
DA:147,1
DA:151,1
DA:152,1
DA:153,1
DA:157,1
DA:158,1
DA:159,1
DA:163,0
DA:164,0
DA:168,0
DA:169,0
DA:170,0
DA:178,0
DA:191,0
DA:192,0
DA:196,1
LF:99
LH:70
BRDA:1,0,0,1
BRDA:1,0,1,0
BRDA:1,0,2,1
BRDA:2,1,0,1
BRDA:2,1,1,0
BRDA:2,2,0,0
BRDA:2,2,1,0
BRDA:3,3,0,1
BRDA:3,3,1,0
BRDA:3,4,0,1
BRDA:3,4,1,1
BRDA:4,5,0,0
BRDA:4,5,1,0
BRDA:4,6,0,0
BRDA:4,6,1,0
BRDA:4,7,0,0
BRDA:4,7,1,0
BRDA:4,8,0,0
BRDA:4,8,1,0
BRDA:5,9,0,1
BRDA:5,9,1,0
BRDA:5,9,2,0
BRDA:7,10,0,1
BRDA:7,10,1,0
BRDA:7,10,2,1
BRDA:8,11,0,1
BRDA:8,11,1,0
BRDA:8,12,0,1
BRDA:8,12,1,1
BRDA:10,13,0,1
BRDA:10,13,1,0
BRDA:10,13,2,1
BRDA:13,14,0,1
BRDA:13,14,1,0
BRDA:13,14,2,1
BRDA:14,15,0,8
BRDA:14,15,1,8
BRDA:17,16,0,8
BRDA:17,16,1,15
BRDA:18,17,0,8
BRDA:18,17,1,8
BRDA:39,18,0,0
BRDA:39,18,1,0
BRDA:54,19,0,1
BRDA:54,19,1,0
BRDA:68,20,0,0
BRDA:68,20,1,1
BRDA:68,21,0,1
BRDA:68,21,1,1
BRDA:80,22,0,1
BRDA:80,22,1,0
BRDA:102,23,0,0
BRDA:102,23,1,1
BRDA:126,24,0,0
BRDA:126,24,1,1
BRDA:126,25,0,1
BRDA:126,25,1,1
BRDA:131,26,0,1
BRDA:131,26,1,0
BRDA:169,27,0,0
BRDA:169,27,1,0
BRDA:169,28,0,0
BRDA:169,28,1,0
BRDA:200,29,0,1
BRDA:200,29,1,0
BRDA:200,30,0,1
BRDA:200,30,1,1
BRDA:200,31,0,1
BRDA:200,31,1,0
BRDA:200,32,0,1
BRDA:200,32,1,1
BRDA:200,33,0,1
BRDA:200,33,1,0
BRDA:200,34,0,1
BRDA:200,34,1,1
BRDA:200,35,0,1
BRDA:200,35,1,0
BRDA:200,36,0,1
BRDA:200,36,1,1
BRF:79
BRH:44
end_of_record
TN:
SF:/home/ladin/rapid/git/ra-web/packages/ra-web-shared-be/src/users/user-auth-verify.ts
FN:24,(anonymous_0)
FN:24,(anonymous_1)
FN:24,(anonymous_2)
FN:24,(anonymous_3)
FN:24,(anonymous_4)
FN:24,(anonymous_5)
FN:24,fulfilled
FN:24,rejected
FN:24,step
FN:24,(anonymous_9)
FN:26,(anonymous_10)
FN:29,(anonymous_11)
FN:30,(anonymous_12)
FNF:13
FNH:0
FNDA:0,(anonymous_0)
FNDA:0,(anonymous_1)
FNDA:0,(anonymous_2)
FNDA:0,(anonymous_3)
FNDA:0,(anonymous_4)
FNDA:0,(anonymous_5)
FNDA:0,fulfilled
FNDA:0,rejected
FNDA:0,step
FNDA:0,(anonymous_9)
FNDA:0,(anonymous_10)
FNDA:0,(anonymous_11)
FNDA:0,(anonymous_12)
DA:1,0
DA:22,0
DA:23,0
DA:24,0
DA:25,0
DA:27,0
DA:30,0
DA:31,0
DA:32,0
DA:33,0
DA:35,0
DA:36,0
DA:37,0
DA:38,0
DA:40,0
DA:44,0
DA:49,0
LF:17
LH:0
BRDA:24,0,0,0
BRDA:24,0,1,0
BRDA:24,0,2,0
BRDA:24,1,0,0
BRDA:24,1,1,0
BRDA:24,2,0,0
BRDA:24,2,1,0
BRDA:24,3,0,0
BRDA:24,3,1,0
BRDA:24,4,0,0
BRDA:24,4,1,0
BRDA:24,5,0,0
BRDA:24,5,1,0
BRDA:24,6,0,0
BRDA:24,6,1,0
BRDA:24,7,0,0
BRDA:24,7,1,0
BRDA:24,8,0,0
BRDA:24,8,1,0
BRDA:24,9,0,0
BRDA:24,9,1,0
BRDA:24,9,2,0
BRDA:24,10,0,0
BRDA:24,10,1,0
BRDA:24,10,2,0
BRDA:24,11,0,0
BRDA:24,11,1,0
BRDA:24,12,0,0
BRDA:24,12,1,0
BRDA:24,13,0,0
BRDA:24,13,1,0
BRDA:24,13,2,0
BRDA:24,14,0,0
BRDA:24,14,1,0
BRDA:24,14,2,0
BRDA:24,15,0,0
BRDA:24,15,1,0
BRDA:24,16,0,0
BRDA:24,16,1,0
BRDA:24,17,0,0
BRDA:24,17,1,0
BRDA:32,18,0,0
BRDA:32,18,1,0
BRDA:36,19,0,0
BRDA:36,19,1,0
BRDA:49,20,0,0
BRDA:49,20,1,0
BRDA:49,21,0,0
BRDA:49,21,1,0
BRF:49
BRH:0
end_of_record
TN:
SF:/home/ladin/rapid/git/ra-web/packages/ra-web-shared-be/src/users/user-session-data.ts
FN:1,(anonymous_0)
FN:7,(anonymous_1)
FN:10,(anonymous_2)
FN:11,(anonymous_3)
FN:12,fulfilled
FN:13,rejected
FN:14,step
FN:14,(anonymous_7)
FN:22,(anonymous_8)
FN:25,(anonymous_9)
FN:26,(anonymous_10)
FN:39,(anonymous_11)
FN:40,(anonymous_12)
FN:54,(anonymous_13)
FN:55,(anonymous_14)
FNF:15
FNH:10
FNDA:1,(anonymous_0)
FNDA:1,(anonymous_1)
FNDA:2,(anonymous_2)
FNDA:2,(anonymous_3)
FNDA:0,fulfilled
FNDA:0,rejected
FNDA:2,step
FNDA:0,(anonymous_7)
FNDA:1,(anonymous_8)
FNDA:1,(anonymous_9)
FNDA:1,(anonymous_10)
FNDA:1,(anonymous_11)
FNDA:1,(anonymous_12)
FNDA:0,(anonymous_13)
FNDA:0,(anonymous_14)
DA:1,1
DA:2,1
DA:3,1
DA:4,0
DA:5,1
DA:7,1
DA:8,1
DA:10,1
DA:11,2
DA:12,0
DA:13,0
DA:14,2
DA:15,2
DA:21,1
DA:23,1
DA:26,1
DA:27,1
DA:40,1
DA:41,1
DA:55,0
DA:56,0
DA:60,1
LF:22
LH:17
BRDA:1,0,0,1
BRDA:1,0,1,0
BRDA:1,0,2,1
BRDA:2,1,0,1
BRDA:2,1,1,0
BRDA:2,2,0,0
BRDA:2,2,1,0
BRDA:3,3,0,1
BRDA:3,3,1,0
BRDA:3,4,0,1
BRDA:3,4,1,1
BRDA:4,5,0,0
BRDA:4,5,1,0
BRDA:4,6,0,0
BRDA:4,6,1,0
BRDA:4,7,0,0
BRDA:4,7,1,0
BRDA:4,8,0,0
BRDA:4,8,1,0
BRDA:5,9,0,1
BRDA:5,9,1,0
BRDA:5,9,2,0
BRDA:7,10,0,1
BRDA:7,10,1,0
BRDA:7,10,2,1
BRDA:8,11,0,1
BRDA:8,11,1,0
BRDA:8,12,0,1
BRDA:8,12,1,1
BRDA:10,13,0,1
BRDA:10,13,1,0
BRDA:10,13,2,1
BRDA:11,14,0,2
BRDA:11,14,1,2
BRDA:14,15,0,2
BRDA:14,15,1,0
BRDA:15,16,0,2
BRDA:15,16,1,2
BRDA:62,17,0,1
BRDA:62,17,1,0
BRDA:62,18,0,1
BRDA:62,18,1,1
BRF:42
BRH:22
end_of_record
TN:
SF:/home/ladin/rapid/git/ra-web/packages/ra-web-shared-be/src/users/users.controller.ts
FN:1,(anonymous_0)
FN:7,(anonymous_1)
FN:10,(anonymous_2)
FN:11,(anonymous_3)
FN:13,(anonymous_4)
FN:14,(anonymous_5)
FN:15,fulfilled
FN:16,rejected
FN:17,step
FN:17,(anonymous_9)
FN:31,(anonymous_10)
FN:34,(anonymous_11)
FN:35,(anonymous_12)
FN:39,(anonymous_13)
FN:40,(anonymous_14)
FN:44,(anonymous_15)
FN:45,(anonymous_16)
FN:49,(anonymous_17)
FN:50,(anonymous_18)
FN:54,(anonymous_19)
FN:57,(anonymous_20)
FN:58,(anonymous_21)
FN:62,(anonymous_22)
FN:65,(anonymous_23)
FN:68,(anonymous_24)
FN:71,(anonymous_25)
FN:74,(anonymous_26)
FNF:27
FNH:20
FNDA:12,(anonymous_0)
FNDA:34,(anonymous_1)
FNDA:15,(anonymous_2)
FNDA:15,(anonymous_3)
FNDA:2,(anonymous_4)
FNDA:2,(anonymous_5)
FNDA:2,fulfilled
FNDA:0,rejected
FNDA:4,step
FNDA:2,(anonymous_9)
FNDA:1,(anonymous_10)
FNDA:0,(anonymous_11)
FNDA:0,(anonymous_12)
FNDA:0,(anonymous_13)
FNDA:0,(anonymous_14)
FNDA:0,(anonymous_15)
FNDA:0,(anonymous_16)
FNDA:1,(anonymous_17)
FNDA:1,(anonymous_18)
FNDA:1,(anonymous_19)
FNDA:1,(anonymous_20)
FNDA:1,(anonymous_21)
FNDA:1,(anonymous_22)
FNDA:1,(anonymous_23)
FNDA:1,(anonymous_24)
FNDA:1,(anonymous_25)
FNDA:1,(anonymous_26)
DA:1,1
DA:2,12
DA:3,12
DA:4,0
DA:5,12
DA:7,1
DA:8,34
DA:10,1
DA:11,15
DA:13,1
DA:14,2
DA:15,2
DA:16,0
DA:17,4
DA:18,2
DA:30,1
DA:32,1
DA:35,0
DA:36,0
DA:40,0
DA:41,0
DA:45,0
DA:46,0
DA:50,1
DA:51,1
DA:55,1
DA:58,1
DA:59,1
DA:63,1
DA:66,1
DA:69,1
DA:72,1
DA:75,1
DA:78,1
DA:85,1
DA:92,1
DA:99,1
DA:109,1
DA:119,1
DA:129,1
DA:140,1
DA:149,1
DA:159,1
DA:169,1
DA:178,1
LF:45
LH:37
BRDA:1,0,0,1
BRDA:1,0,1,0
BRDA:1,0,2,1
BRDA:2,1,0,1
BRDA:2,1,1,11
BRDA:2,2,0,11
BRDA:2,2,1,0
BRDA:3,3,0,12
BRDA:3,3,1,0
BRDA:3,4,0,12
BRDA:3,4,1,12
BRDA:4,5,0,0
BRDA:4,5,1,0
BRDA:4,6,0,0
BRDA:4,6,1,0
BRDA:4,7,0,0
BRDA:4,7,1,0
BRDA:4,8,0,0
BRDA:4,8,1,0
BRDA:5,9,0,12
BRDA:5,9,1,11
BRDA:5,9,2,11
BRDA:7,10,0,1
BRDA:7,10,1,0
BRDA:7,10,2,1
BRDA:8,11,0,34
BRDA:8,11,1,0
BRDA:8,12,0,34
BRDA:8,12,1,34
BRDA:10,13,0,1
BRDA:10,13,1,0
BRDA:10,13,2,1
BRDA:13,14,0,1
BRDA:13,14,1,0
BRDA:13,14,2,1
BRDA:14,15,0,2
BRDA:14,15,1,2
BRDA:17,16,0,2
BRDA:17,16,1,2
BRDA:18,17,0,2
BRDA:18,17,1,2
BRDA:82,18,0,1
BRDA:82,18,1,0
BRDA:82,19,0,1
BRDA:82,19,1,1
BRDA:83,20,0,1
BRDA:83,20,1,0
BRDA:83,21,0,1
BRDA:83,21,1,1
BRDA:90,22,0,1
BRDA:90,22,1,0
BRDA:90,23,0,1
BRDA:90,23,1,1
BRDA:97,24,0,1
BRDA:97,24,1,0
BRDA:97,25,0,1
BRDA:97,25,1,1
BRDA:107,26,0,1
BRDA:107,26,1,0
BRDA:107,27,0,1
BRDA:107,27,1,1
BRDA:180,28,0,1
BRDA:180,28,1,0
BRDA:180,29,0,1
BRDA:180,29,1,1
BRF:65
BRH:44
end_of_record
TN:
SF:/home/ladin/rapid/git/ra-web/packages/ra-web-shared-be/src/users/users.service.ts
FN:1,(anonymous_0)
FN:7,(anonymous_1)
FN:10,(anonymous_2)
FN:11,(anonymous_3)
FN:13,(anonymous_4)
FN:14,(anonymous_5)
FN:15,fulfilled
FN:16,rejected
FN:17,step
FN:17,(anonymous_9)
FN:34,(anonymous_10)
FN:42,(anonymous_11)
FN:43,(anonymous_12)
FN:51,(anonymous_13)
FN:52,(anonymous_14)
FN:85,(anonymous_15)
FN:86,(anonymous_16)
FN:105,(anonymous_17)
FN:106,(anonymous_18)
FN:110,(anonymous_19)
FN:111,(anonymous_20)
FN:123,(anonymous_21)
FN:124,(anonymous_22)
FN:128,(anonymous_23)
FN:129,(anonymous_24)
FN:134,(anonymous_25)
FN:135,(anonymous_26)
FN:139,(anonymous_27)
FN:140,(anonymous_28)
FN:144,(anonymous_29)
FN:145,(anonymous_30)
FN:163,(anonymous_31)
FN:164,(anonymous_32)
FN:204,(anonymous_33)
FN:205,(anonymous_34)
FN:210,(anonymous_35)
FN:211,(anonymous_36)
FN:216,(anonymous_37)
FN:217,(anonymous_38)
FN:222,(anonymous_39)
FN:223,(anonymous_40)
FNF:41
FNH:26
FNDA:1,(anonymous_0)
FNDA:1,(anonymous_1)
FNDA:3,(anonymous_2)
FNDA:3,(anonymous_3)
FNDA:9,(anonymous_4)
FNDA:9,(anonymous_5)
FNDA:16,fulfilled
FNDA:0,rejected
FNDA:25,step
FNDA:16,(anonymous_9)
FNDA:1,(anonymous_10)
FNDA:0,(anonymous_11)
FNDA:0,(anonymous_12)
FNDA:1,(anonymous_13)
FNDA:1,(anonymous_14)
FNDA:0,(anonymous_15)
FNDA:0,(anonymous_16)
FNDA:0,(anonymous_17)
FNDA:0,(anonymous_18)
FNDA:1,(anonymous_19)
FNDA:1,(anonymous_20)
FNDA:1,(anonymous_21)
FNDA:1,(anonymous_22)
FNDA:1,(anonymous_23)
FNDA:1,(anonymous_24)
FNDA:2,(anonymous_25)
FNDA:2,(anonymous_26)
FNDA:1,(anonymous_27)
FNDA:1,(anonymous_28)
FNDA:1,(anonymous_29)
FNDA:1,(anonymous_30)
FNDA:1,(anonymous_31)
FNDA:1,(anonymous_32)
FNDA:0,(anonymous_33)
FNDA:0,(anonymous_34)
FNDA:0,(anonymous_35)
FNDA:0,(anonymous_36)
FNDA:0,(anonymous_37)
FNDA:0,(anonymous_38)
FNDA:0,(anonymous_39)
FNDA:0,(anonymous_40)
DA:1,1
DA:2,1
DA:3,1
DA:4,0
DA:5,1
DA:7,1
DA:8,1
DA:10,1
DA:11,3
DA:13,1
DA:14,9
DA:15,16
DA:16,0
DA:17,25
DA:18,9
DA:33,1
DA:35,1
DA:36,1
DA:37,1
DA:38,1
DA:39,1
DA:40,1
DA:43,0
DA:44,0
DA:45,0
DA:46,0
DA:48,0
DA:52,1
DA:53,1
DA:54,1
DA:55,1
DA:56,1
DA:61,1
DA:62,1
DA:63,1
DA:65,1
DA:66,0
DA:69,1
DA:71,1
DA:72,1
DA:73,1
DA:76,0
DA:86,0
DA:87,0
DA:88,0
DA:89,0
DA:90,0
DA:94,0
DA:95,0
DA:96,0
DA:97,0
DA:100,0
DA:102,0
DA:106,0
DA:107,0
DA:111,1
DA:112,1
DA:115,1
DA:116,1
DA:117,1
DA:118,1
DA:120,1
DA:124,1
DA:125,1
DA:129,1
DA:130,1
DA:131,1
DA:135,2
DA:136,2
DA:140,1
DA:141,1
DA:145,1
DA:146,1
DA:147,1
DA:148,1
DA:150,1
DA:151,1
DA:152,1
DA:153,1
DA:154,1
DA:155,1
DA:156,1
DA:159,0
DA:164,1
DA:166,1
DA:167,1
DA:168,1
DA:169,0
DA:173,0
DA:175,1
DA:176,1
DA:177,1
DA:178,0
DA:180,1
DA:181,1
DA:182,1
DA:185,0
DA:187,1
DA:188,1
DA:189,1
DA:190,1
DA:191,1
DA:193,1
DA:194,1
DA:195,1
DA:196,1
DA:199,0
DA:200,0
DA:205,0
DA:206,0
DA:207,0
DA:211,0
DA:212,0
DA:213,0
DA:217,0
DA:218,0
DA:219,0
DA:223,0
DA:224,0
DA:225,0
DA:229,1
LF:121
LH:80
BRDA:1,0,0,1
BRDA:1,0,1,0
BRDA:1,0,2,1
BRDA:2,1,0,1
BRDA:2,1,1,0
BRDA:2,2,0,0
BRDA:2,2,1,0
BRDA:3,3,0,1
BRDA:3,3,1,0
BRDA:3,4,0,1
BRDA:3,4,1,1
BRDA:4,5,0,0
BRDA:4,5,1,0
BRDA:4,6,0,0
BRDA:4,6,1,0
BRDA:4,7,0,0
BRDA:4,7,1,0
BRDA:4,8,0,0
BRDA:4,8,1,0
BRDA:5,9,0,1
BRDA:5,9,1,0
BRDA:5,9,2,0
BRDA:7,10,0,1
BRDA:7,10,1,0
BRDA:7,10,2,1
BRDA:8,11,0,1
BRDA:8,11,1,0
BRDA:8,12,0,1
BRDA:8,12,1,1
BRDA:10,13,0,1
BRDA:10,13,1,0
BRDA:10,13,2,1
BRDA:13,14,0,1
BRDA:13,14,1,0
BRDA:13,14,2,1
BRDA:14,15,0,9
BRDA:14,15,1,9
BRDA:17,16,0,9
BRDA:17,16,1,16
BRDA:18,17,0,9
BRDA:18,17,1,9
BRDA:45,18,0,0
BRDA:45,18,1,0
BRDA:53,19,0,1
BRDA:53,19,1,0
BRDA:62,20,0,1
BRDA:62,20,1,0
BRDA:65,21,0,0
BRDA:65,21,1,1
BRDA:71,22,0,1
BRDA:71,22,1,0
BRDA:89,23,0,0
BRDA:89,23,1,0
BRDA:147,24,0,1
BRDA:147,24,1,0
BRDA:166,25,0,1
BRDA:166,25,1,0
BRDA:168,26,0,0
BRDA:168,26,1,1
BRDA:168,27,0,1
BRDA:168,27,1,1
BRDA:177,28,0,0
BRDA:177,28,1,1
BRDA:181,29,0,1
BRDA:181,29,1,0
BRDA:187,30,0,1
BRDA:187,30,1,0
BRDA:234,31,0,1
BRDA:234,31,1,0
BRDA:234,32,0,1
BRDA:234,32,1,1
BRDA:234,33,0,1
BRDA:234,33,1,0
BRDA:234,34,0,1
BRDA:234,34,1,1
BRDA:234,35,0,1
BRDA:234,35,1,0
BRDA:234,36,0,1
BRDA:234,36,1,1
BRF:79
BRH:43
end_of_record
